The system is: Windows - 10.0.19042 - AMD64
Compiling the C compiler identification source file "CMakeCCompilerId.c" succeeded.
Compiler: C:/Program Files (x86)/Microsoft Visual Studio/2019/Community/VC/Tools/MSVC/14.28.29910/bin/Hostx86/x86/cl.exe 
Build flags: 
Id flags:  

The output was:
0
Microsoft (R) C/C++ Optimizing Compiler Version 19.28.29915 for x86
Copyright (C) Microsoft Corporation.  All rights reserved.

CMakeCCompilerId.c
Microsoft (R) Incremental Linker Version 14.28.29915.0
Copyright (C) Microsoft Corporation.  All rights reserved.

/out:CMakeCCompilerId.exe 
CMakeCCompilerId.obj 


Compilation of the C compiler identification source "CMakeCCompilerId.c" produced "CMakeCCompilerId.exe"

Compilation of the C compiler identification source "CMakeCCompilerId.c" produced "CMakeCCompilerId.obj"

The C compiler identification is MSVC, found in "C:/Users/Andrea/GitHub/parallelGraphColoring/cmake-build-debug/CMakeFiles/3.20.2/CompilerIdC/CMakeCCompilerId.exe"

Compiling the CXX compiler identification source file "CMakeCXXCompilerId.cpp" succeeded.
Compiler: C:/Program Files (x86)/Microsoft Visual Studio/2019/Community/VC/Tools/MSVC/14.28.29910/bin/Hostx86/x86/cl.exe 
Build flags: 
Id flags:  

The output was:
0
Microsoft (R) C/C++ Optimizing Compiler Version 19.28.29915 for x86
Copyright (C) Microsoft Corporation.  All rights reserved.

CMakeCXXCompilerId.cpp
Microsoft (R) Incremental Linker Version 14.28.29915.0
Copyright (C) Microsoft Corporation.  All rights reserved.

/out:CMakeCXXCompilerId.exe 
CMakeCXXCompilerId.obj 


Compilation of the CXX compiler identification source "CMakeCXXCompilerId.cpp" produced "CMakeCXXCompilerId.exe"

Compilation of the CXX compiler identification source "CMakeCXXCompilerId.cpp" produced "CMakeCXXCompilerId.obj"

The CXX compiler identification is MSVC, found in "C:/Users/Andrea/GitHub/parallelGraphColoring/cmake-build-debug/CMakeFiles/3.20.2/CompilerIdCXX/CMakeCXXCompilerId.exe"

Detecting C compiler ABI info compiled with the following output:
Change Dir: C:/Users/Andrea/GitHub/parallelGraphColoring/cmake-build-debug/CMakeFiles/CMakeTmp

Run Build Command(s):nmake -f Makefile /nologo cmTC_34db0\fast && 	"C:\Program Files (x86)\Microsoft Visual Studio\2019\Community\VC\Tools\MSVC\14.28.29910\bin\HostX86\x86\nmake.exe"  -f CMakeFiles\cmTC_34db0.dir\build.make /nologo -L                  CMakeFiles\cmTC_34db0.dir\build
Building C object CMakeFiles/cmTC_34db0.dir/CMakeCCompilerABI.c.obj
	"C:\Program Files\JetBrains\CLion 2020.3.2\bin\cmake\win\bin\cmake.exe" -E cmake_cl_compile_depends --dep-file=CMakeFiles\cmTC_34db0.dir\CMakeCCompilerABI.c.obj.d --working-dir=C:\Users\Andrea\GitHub\parallelGraphColoring\cmake-build-debug\CMakeFiles\CMakeTmp --filter-prefix="" -- C:\PROGRA~2\MICROS~3\2019\COMMUN~1\VC\Tools\MSVC\1428~1.299\bin\Hostx86\x86\cl.exe @C:\Users\Andrea\AppData\Local\Temp\nm59BA.tmp
Linking C executable cmTC_34db0.exe
	"C:\Program Files\JetBrains\CLion 2020.3.2\bin\cmake\win\bin\cmake.exe" -E vs_link_exe --intdir=CMakeFiles\cmTC_34db0.dir --rc=C:\PROGRA~2\WI3CF2~1\10\bin\100190~1.0\x86\rc.exe --mt=C:\PROGRA~2\WI3CF2~1\10\bin\100190~1.0\x86\mt.exe --manifests -- C:\PROGRA~2\MICROS~3\2019\COMMUN~1\VC\Tools\MSVC\1428~1.299\bin\Hostx86\x86\link.exe /nologo @CMakeFiles\cmTC_34db0.dir\objects1.rsp @C:\Users\Andrea\AppData\Local\Temp\nm5B90.tmp



Detecting CXX compiler ABI info compiled with the following output:
Change Dir: C:/Users/Andrea/GitHub/parallelGraphColoring/cmake-build-debug/CMakeFiles/CMakeTmp

Run Build Command(s):nmake -f Makefile /nologo cmTC_5ec24\fast && 	"C:\Program Files (x86)\Microsoft Visual Studio\2019\Community\VC\Tools\MSVC\14.28.29910\bin\HostX86\x86\nmake.exe"  -f CMakeFiles\cmTC_5ec24.dir\build.make /nologo -L                  CMakeFiles\cmTC_5ec24.dir\build
Building CXX object CMakeFiles/cmTC_5ec24.dir/CMakeCXXCompilerABI.cpp.obj
	"C:\Program Files\JetBrains\CLion 2020.3.2\bin\cmake\win\bin\cmake.exe" -E cmake_cl_compile_depends --dep-file=CMakeFiles\cmTC_5ec24.dir\CMakeCXXCompilerABI.cpp.obj.d --working-dir=C:\Users\Andrea\GitHub\parallelGraphColoring\cmake-build-debug\CMakeFiles\CMakeTmp --filter-prefix="" -- C:\PROGRA~2\MICROS~3\2019\COMMUN~1\VC\Tools\MSVC\1428~1.299\bin\Hostx86\x86\cl.exe @C:\Users\Andrea\AppData\Local\Temp\nm5E9C.tmp
Linking CXX executable cmTC_5ec24.exe
	"C:\Program Files\JetBrains\CLion 2020.3.2\bin\cmake\win\bin\cmake.exe" -E vs_link_exe --intdir=CMakeFiles\cmTC_5ec24.dir --rc=C:\PROGRA~2\WI3CF2~1\10\bin\100190~1.0\x86\rc.exe --mt=C:\PROGRA~2\WI3CF2~1\10\bin\100190~1.0\x86\mt.exe --manifests -- C:\PROGRA~2\MICROS~3\2019\COMMUN~1\VC\Tools\MSVC\1428~1.299\bin\Hostx86\x86\link.exe /nologo @CMakeFiles\cmTC_5ec24.dir\objects1.rsp @C:\Users\Andrea\AppData\Local\Temp\nm5F58.tmp



