Performing C SOURCE FILE Test CMAKE_HAVE_LIBC_PTHREAD failed with the following output:
Change Dir: /home/antonio_vespa/Documenti/GitHub/parallelGraphColoring/cmake-build-debug/CMakeFiles/CMakeTmp

Run Build Command(s):/usr/bin/gmake cmTC_cecc0/fast && /usr/bin/gmake  -f CMakeFiles/cmTC_cecc0.dir/build.make CMakeFiles/cmTC_cecc0.dir/build
gmake[1]: ingresso nella directory «/home/antonio_vespa/Documenti/GitHub/parallelGraphColoring/cmake-build-debug/CMakeFiles/CMakeTmp»
Building C object CMakeFiles/cmTC_cecc0.dir/src.c.o
/usr/bin/cc   -DCMAKE_HAVE_LIBC_PTHREAD   -o CMakeFiles/cmTC_cecc0.dir/src.c.o   -c /home/antonio_vespa/Documenti/GitHub/parallelGraphColoring/cmake-build-debug/CMakeFiles/CMakeTmp/src.c
Linking C executable cmTC_cecc0
/home/antonio_vespa/Pubblici/clion-2020.3.2/bin/cmake/linux/bin/cmake -E cmake_link_script CMakeFiles/cmTC_cecc0.dir/link.txt --verbose=1
/usr/bin/cc  -DCMAKE_HAVE_LIBC_PTHREAD    CMakeFiles/cmTC_cecc0.dir/src.c.o  -o cmTC_cecc0 
/usr/bin/ld: CMakeFiles/cmTC_cecc0.dir/src.c.o: in function `main':
src.c:(.text+0x46): undefined reference to `pthread_create'
/usr/bin/ld: src.c:(.text+0x52): undefined reference to `pthread_detach'
/usr/bin/ld: src.c:(.text+0x5e): undefined reference to `pthread_cancel'
/usr/bin/ld: src.c:(.text+0x6f): undefined reference to `pthread_join'
collect2: error: ld returned 1 exit status
gmake[1]: *** [CMakeFiles/cmTC_cecc0.dir/build.make:107: cmTC_cecc0] Errore 1
gmake[1]: uscita dalla directory «/home/antonio_vespa/Documenti/GitHub/parallelGraphColoring/cmake-build-debug/CMakeFiles/CMakeTmp»
gmake: *** [Makefile:141: cmTC_cecc0/fast] Errore 2


Source file was:
#include <pthread.h>

void* test_func(void* data)
{
  return data;
}

int main(void)
{
  pthread_t thread;
  pthread_create(&thread, NULL, test_func, NULL);
  pthread_detach(thread);
  pthread_cancel(thread);
  pthread_join(thread, NULL);
  pthread_atfork(NULL, NULL, NULL);
  pthread_exit(NULL);

  return 0;
}

